<?xml version="1.0" encoding="UTF-8"?>
<testng-results skipped="0" failed="0" total="2" passed="2">
  <reporter-output>
  </reporter-output>
  <suite name="Suite" duration-ms="70483" started-at="2018-12-16T05:50:58Z" finished-at="2018-12-16T05:52:09Z">
    <groups>
      <group name="cucumber">
        <method signature="AbstractTestNGCucumberTests.feature(cucumber.api.testng.CucumberFeatureWrapper)[pri:0, instance:runner.Runner@48140564]" name="feature" class="cucumber.api.testng.AbstractTestNGCucumberTests"/>
        <method signature="AbstractTestNGCucumberTests.feature(cucumber.api.testng.CucumberFeatureWrapper)[pri:0, instance:runner.Runner2@6fadae5d]" name="feature" class="cucumber.api.testng.AbstractTestNGCucumberTests"/>
      </group> <!-- cucumber -->
    </groups>
    <test name="Test1" duration-ms="42124" started-at="2018-12-16T05:50:58Z" finished-at="2018-12-16T05:51:40Z">
      <class name="runner.Runner">
        <test-method status="PASS" signature="setUpClass()[pri:0, instance:runner.Runner@48140564]" name="setUpClass" is-config="true" duration-ms="188" started-at="2018-12-16T11:20:58Z" finished-at="2018-12-16T11:20:58Z">
          <reporter-output>
          </reporter-output>
        </test-method> <!-- setUpClass -->
        <test-method status="PASS" signature="feature(cucumber.api.testng.CucumberFeatureWrapper)[pri:0, instance:runner.Runner@48140564]" name="feature" duration-ms="41831" started-at="2018-12-16T11:20:58Z" description="Runs Cucumber Feature" data-provider="features" finished-at="2018-12-16T11:21:40Z">
          <params>
            <param index="0">
              <value>
                <![CDATA[Google Search]]>
              </value>
            </param>
          </params>
          <reporter-output>
          </reporter-output>
        </test-method> <!-- feature -->
        <test-method status="PASS" signature="tearDownClass()[pri:0, instance:runner.Runner@48140564]" name="tearDownClass" is-config="true" duration-ms="34" started-at="2018-12-16T11:21:40Z" finished-at="2018-12-16T11:21:40Z">
          <reporter-output>
          </reporter-output>
        </test-method> <!-- tearDownClass -->
      </class> <!-- runner.Runner -->
    </test> <!-- Test1 -->
    <test name="Test2" duration-ms="70483" started-at="2018-12-16T05:50:58Z" finished-at="2018-12-16T05:52:09Z">
      <class name="runner.Runner2">
        <test-method status="PASS" signature="setUpClass()[pri:0, instance:runner.Runner2@6fadae5d]" name="setUpClass" is-config="true" duration-ms="188" started-at="2018-12-16T11:20:58Z" finished-at="2018-12-16T11:20:58Z">
          <reporter-output>
          </reporter-output>
        </test-method> <!-- setUpClass -->
        <test-method status="PASS" signature="feature(cucumber.api.testng.CucumberFeatureWrapper)[pri:0, instance:runner.Runner2@6fadae5d]" name="feature" duration-ms="70224" started-at="2018-12-16T11:20:58Z" description="Runs Cucumber Feature" data-provider="features" finished-at="2018-12-16T11:22:09Z">
          <params>
            <param index="0">
              <value>
                <![CDATA[Google Search]]>
              </value>
            </param>
          </params>
          <reporter-output>
          </reporter-output>
        </test-method> <!-- feature -->
        <test-method status="PASS" signature="tearDownClass()[pri:0, instance:runner.Runner2@6fadae5d]" name="tearDownClass" is-config="true" duration-ms="2" started-at="2018-12-16T11:22:09Z" finished-at="2018-12-16T11:22:09Z">
          <reporter-output>
          </reporter-output>
        </test-method> <!-- tearDownClass -->
      </class> <!-- runner.Runner2 -->
    </test> <!-- Test2 -->
  </suite> <!-- Suite -->
</testng-results>
